<?xml version="1.0" encoding="UTF-8"?>
<testsuite xmlns:xsi="http://www.w3.org/2001/XMLSchema-instance" xsi:noNamespaceSchemaLocation="https://maven.apache.org/surefire/maven-surefire-plugin/xsd/surefire-test-report-3.0.xsd" version="3.0" name="com.testproject.todoTasksOfTest" time="0.081" tests="10" errors="0" skipped="0" failures="0">
  <properties>
[...]
</properties>
  <testcase name="postMalformedJSONTestFail" classname="com.testproject.todoTasksOfTest" time="0.009"/>
  <testcase name="optionsTestSuccess" classname="com.testproject.todoTasksOfTest" time="0.006"/>
  <testcase name="putTestNotAllowed" classname="com.testproject.todoTasksOfTest" time="0.006"/>
  <testcase name="deleteTestNotAllowed" classname="com.testproject.todoTasksOfTest" time="0.007"/>
  <testcase name="getAllTestSuccess" classname="com.testproject.todoTasksOfTest" time="0.015">
    <system-out><![CDATA[<projects><project><active>false</active><description/><id>1</id><completed>false</completed><title>Office Work</title><tasks><id>1</id></tasks><tasks><id>2</id></tasks><tasks><id>47</id></tasks></project></projects>
<projects>
    <project>
        <active>false</active>
        <description />
        <id>1</id>
        <completed>false</completed>
        <title>Office Work</title>
        <tasks>
            <id>47</id>
        </tasks>
        <tasks>
            <id>2</id>
        </tasks>
        <tasks>
            <id>1</id>
        </tasks>
    </project>
</projects>

]]></system-out>
  </testcase>
  <testcase name="postTestSuccess" classname="com.testproject.todoTasksOfTest" time="0.008">
    <system-out><![CDATA[{"projects":[{"id":"19","title":"Second Project","completed":"false","active":"false","description":"","tasks":[{"id":"48"}]}]}
]]></system-out>
  </testcase>
  <testcase name="headTestSuccess" classname="com.testproject.todoTasksOfTest" time="0.005"/>
  <testcase name="postmalformedXMLTestFail" classname="com.testproject.todoTasksOfTest" time="0.008">
    <system-out><![CDATA[<errorMessages><errorMessage>Misshaped element at 3 [character 1 line 2]</errorMessage></errorMessages>
]]></system-out>
  </testcase>
  <testcase name="patchTestNotAllowed" classname="com.testproject.todoTasksOfTest" time="0.007"/>
  <testcase name="postNonExistentTestFail" classname="com.testproject.todoTasksOfTest" time="0.007"/>
</testsuite>