<?xml version="1.0" encoding="UTF-8"?>
<testsuite xmlns:xsi="http://www.w3.org/2001/XMLSchema-instance" xsi:noNamespaceSchemaLocation="https://maven.apache.org/surefire/maven-surefire-plugin/xsd/surefire-test-report.xsd" version="3.0.2" name="com.testproject.todosTest" time="0.093" tests="11" errors="0" skipped="0" failures="0">
  <properties>
[...]
</properties>
  <testcase name="optionsTestSuccess" classname="com.testproject.todosTest" time="0.002"/>
  <testcase name="patchTestNotAllowed" classname="com.testproject.todosTest" time="0.002"/>
  <testcase name="postmalformedXMLTestFail" classname="com.testproject.todosTest" time="0.005">
    <system-out><![CDATA[<errorMessages><errorMessage>Misplaced &apos;&lt;&apos; at 51 [character 1 line 5]</errorMessage></errorMessages>
]]></system-out>
  </testcase>
  <testcase name="headTestSuccess" classname="com.testproject.todosTest" time="0.001"/>
  <testcase name="deleteTestNotAllowed" classname="com.testproject.todosTest" time="0.002"/>
  <testcase name="postTestSuccess" classname="com.testproject.todosTest" time="0.003"/>
  <testcase name="postMalformedJSONTestFail" classname="com.testproject.todosTest" time="0.002"/>
  <testcase name="putTestNotAllowed" classname="com.testproject.todosTest" time="0.002"/>
  <testcase name="postBadFieldTypesTestFail" classname="com.testproject.todosTest" time="0.002"/>
  <testcase name="getAllTestSuccess" classname="com.testproject.todosTest" time="0.059"/>
  <testcase name="postMissingFieldsTestFail" classname="com.testproject.todosTest" time="0.002"/>
</testsuite>