<?xml version="1.0" encoding="UTF-8"?>
<testsuite xmlns:xsi="http://www.w3.org/2001/XMLSchema-instance" xsi:noNamespaceSchemaLocation="https://maven.apache.org/surefire/maven-surefire-plugin/xsd/surefire-test-report-3.0.xsd" version="3.0" name="todoTaskOfTest" time="0.071" tests="12" errors="0" skipped="0" failures="3">
  <properties>
[...]
</properties>
  <testcase name="deleteSecondTimeTestFail" classname="todoTaskOfTest" time="0.011"/>
  <testcase name="deleteTestSuccess" classname="todoTaskOfTest" time="0.008"/>
  <testcase name="headTestNotAllowedAsExpected" classname="todoTaskOfTest" time="0.005">
    <failure message="expected: &lt;405&gt; but was: &lt;404&gt;" type="org.opentest4j.AssertionFailedError"><![CDATA[org.opentest4j.AssertionFailedError: expected: <405> but was: <404>
	at org.junit.jupiter.api.AssertionFailureBuilder.build(AssertionFailureBuilder.java:151)
	at org.junit.jupiter.api.AssertionFailureBuilder.buildAndThrow(AssertionFailureBuilder.java:132)
	at org.junit.jupiter.api.AssertEquals.failNotEqual(AssertEquals.java:197)
	at org.junit.jupiter.api.AssertEquals.assertEquals(AssertEquals.java:150)
	at org.junit.jupiter.api.AssertEquals.assertEquals(AssertEquals.java:145)
	at org.junit.jupiter.api.Assertions.assertEquals(Assertions.java:531)
	at todoTaskOfTest.headTestNotAllowedAsExpected(todoTaskOfTest.java:403)
	at java.base/java.lang.reflect.Method.invoke(Method.java:568)
	at java.base/java.util.ArrayList.forEach(ArrayList.java:1511)
	at java.base/java.util.ArrayList.forEach(ArrayList.java:1511)
]]></failure>
  </testcase>
  <testcase name="putTestNotAllowed" classname="todoTaskOfTest" time="0.005"/>
  <testcase name="patchTestNotAllowed" classname="todoTaskOfTest" time="0.005"/>
  <testcase name="postTestNotAllowedActual" classname="todoTaskOfTest" time="0.005"/>
  <testcase name="headTestNotAllowedActual" classname="todoTaskOfTest" time="0.004"/>
  <testcase name="getTestNotAllowedActual" classname="todoTaskOfTest" time="0.004"/>
  <testcase name="getTestNotAllowedAsExpected" classname="todoTaskOfTest" time="0.004">
    <failure message="expected: &lt;405&gt; but was: &lt;404&gt;" type="org.opentest4j.AssertionFailedError"><![CDATA[org.opentest4j.AssertionFailedError: expected: <405> but was: <404>
	at org.junit.jupiter.api.AssertionFailureBuilder.build(AssertionFailureBuilder.java:151)
	at org.junit.jupiter.api.AssertionFailureBuilder.buildAndThrow(AssertionFailureBuilder.java:132)
	at org.junit.jupiter.api.AssertEquals.failNotEqual(AssertEquals.java:197)
	at org.junit.jupiter.api.AssertEquals.assertEquals(AssertEquals.java:150)
	at org.junit.jupiter.api.AssertEquals.assertEquals(AssertEquals.java:145)
	at org.junit.jupiter.api.Assertions.assertEquals(Assertions.java:531)
	at todoTaskOfTest.getTestNotAllowedAsExpected(todoTaskOfTest.java:136)
	at java.base/java.lang.reflect.Method.invoke(Method.java:568)
	at java.base/java.util.ArrayList.forEach(ArrayList.java:1511)
	at java.base/java.util.ArrayList.forEach(ArrayList.java:1511)
]]></failure>
  </testcase>
  <testcase name="deleteNonExistentTestFail" classname="todoTaskOfTest" time="0.005"/>
  <testcase name="optionsTestSuccess" classname="todoTaskOfTest" time="0.005"/>
  <testcase name="postTestNotAllowedAsExpected" classname="todoTaskOfTest" time="0.005">
    <failure message="expected: &lt;405&gt; but was: &lt;404&gt;" type="org.opentest4j.AssertionFailedError"><![CDATA[org.opentest4j.AssertionFailedError: expected: <405> but was: <404>
	at org.junit.jupiter.api.AssertionFailureBuilder.build(AssertionFailureBuilder.java:151)
	at org.junit.jupiter.api.AssertionFailureBuilder.buildAndThrow(AssertionFailureBuilder.java:132)
	at org.junit.jupiter.api.AssertEquals.failNotEqual(AssertEquals.java:197)
	at org.junit.jupiter.api.AssertEquals.assertEquals(AssertEquals.java:150)
	at org.junit.jupiter.api.AssertEquals.assertEquals(AssertEquals.java:145)
	at org.junit.jupiter.api.Assertions.assertEquals(Assertions.java:531)
	at todoTaskOfTest.postTestNotAllowedAsExpected(todoTaskOfTest.java:193)
	at java.base/java.lang.reflect.Method.invoke(Method.java:568)
	at java.base/java.util.ArrayList.forEach(ArrayList.java:1511)
	at java.base/java.util.ArrayList.forEach(ArrayList.java:1511)
]]></failure>
  </testcase>
</testsuite>